cc -c   -c -o Nostromo.o Nostromo.c
cc -c   -c -o Room_0.o Room_0.c
cc -c   -c -o Room_1.o Room_1.c
cc -c   -c -o Room_2.o Room_2.c
cc -c   -c -o Room_3.o Room_3.c
cc -c   -c -o Room_4.o Room_4.c
cc -c   -c -o Room_5.o Room_5.c
cc -c   -c -o Room_6.o Room_6.c
cc -c   -c -o Room_7.o Room_7.c
cc -c   -c -o Room_8.o Room_8.c
cc -c   -c -o Room_9.o Room_9.c
cc -c   -c -o Room_10.o Room_10.c
cc -c   -c -o text_slow.o text_slow.c
cc -c   -c -o text_slow1.o text_slow1.c
cc -c   -c -o music.o music.c
cc -c   -c -o verb.o verb.c
cc -c   -c -o deploy_room.o deploy_room.c
cc -c   -c -o random_room.o random_room.c
cc -c   -c -o open_text.o open_text.c
cc -c   -c -o corridor.o corridor.c
cc -c   -c -o difficulty.o difficulty.c
